2022-09-27 08:44:41,420 INFO impl.MetricsConfig: Loaded properties from hadoop-metrics2.properties
2022-09-27 08:44:41,489 INFO impl.MetricsSystemImpl: Scheduled Metric snapshot period at 10 second(s).
2022-09-27 08:44:41,489 INFO impl.MetricsSystemImpl: JobTracker metrics system started
2022-09-27 08:44:41,548 WARN mapreduce.JobResourceUploader: Hadoop command-line option parsing not performed. Implement the Tool interface and execute your application with ToolRunner to remedy this.
2022-09-27 08:44:41,573 INFO input.FileInputFormat: Total input files to process : 1
2022-09-27 08:44:41,667 INFO mapreduce.JobSubmitter: number of splits:1
2022-09-27 08:44:41,790 INFO mapreduce.JobSubmitter: Submitting tokens for job: job_local655922384_0001
2022-09-27 08:44:41,790 INFO mapreduce.JobSubmitter: Executing with tokens: []
2022-09-27 08:44:41,876 INFO mapreduce.Job: The url to track the job: http://localhost:8080/
2022-09-27 08:44:41,879 INFO mapreduce.Job: Running job: job_local655922384_0001
2022-09-27 08:44:41,883 INFO mapred.LocalJobRunner: OutputCommitter set in config null
2022-09-27 08:44:41,890 INFO output.FileOutputCommitter: File Output Committer Algorithm version is 2
2022-09-27 08:44:41,890 INFO output.FileOutputCommitter: FileOutputCommitter skip cleanup _temporary folders under output directory:false, ignore cleanup failures: false
2022-09-27 08:44:41,891 INFO mapred.LocalJobRunner: OutputCommitter is org.apache.hadoop.mapreduce.lib.output.FileOutputCommitter
2022-09-27 08:44:41,978 INFO mapred.LocalJobRunner: Waiting for map tasks
2022-09-27 08:44:41,978 INFO mapred.LocalJobRunner: Starting task: attempt_local655922384_0001_m_000000_0
2022-09-27 08:44:41,995 INFO output.FileOutputCommitter: File Output Committer Algorithm version is 2
2022-09-27 08:44:41,995 INFO output.FileOutputCommitter: FileOutputCommitter skip cleanup _temporary folders under output directory:false, ignore cleanup failures: false
2022-09-27 08:44:42,013 INFO mapred.Task:  Using ResourceCalculatorProcessTree : [ ]
2022-09-27 08:44:42,016 INFO mapred.MapTask: Processing split: file:/home/lkaja/project1/small-netflix.csv:0+252
2022-09-27 08:44:42,034 INFO mapred.MapTask: (EQUATOR) 0 kvi 26214396(104857584)
2022-09-27 08:44:42,034 INFO mapred.MapTask: mapreduce.task.io.sort.mb: 100
2022-09-27 08:44:42,034 INFO mapred.MapTask: soft limit at 83886080
2022-09-27 08:44:42,034 INFO mapred.MapTask: bufstart = 0; bufvoid = 104857600
2022-09-27 08:44:42,034 INFO mapred.MapTask: kvstart = 26214396; length = 6553600
2022-09-27 08:44:42,037 INFO mapred.MapTask: Map output collector class = org.apache.hadoop.mapred.MapTask$MapOutputBuffer
2022-09-27 08:44:42,052 INFO mapred.LocalJobRunner: 
2022-09-27 08:44:42,052 INFO mapred.MapTask: Starting flush of map output
2022-09-27 08:44:42,052 INFO mapred.MapTask: Spilling map output
2022-09-27 08:44:42,052 INFO mapred.MapTask: bufstart = 0; bufend = 120; bufvoid = 104857600
2022-09-27 08:44:42,052 INFO mapred.MapTask: kvstart = 26214396(104857584); kvend = 26214340(104857360); length = 57/6553600
2022-09-27 08:44:42,056 INFO mapred.MapTask: Finished spill 0
2022-09-27 08:44:42,061 INFO mapred.Task: Task:attempt_local655922384_0001_m_000000_0 is done. And is in the process of committing
2022-09-27 08:44:42,063 INFO mapred.LocalJobRunner: map
2022-09-27 08:44:42,063 INFO mapred.Task: Task 'attempt_local655922384_0001_m_000000_0' done.
2022-09-27 08:44:42,068 INFO mapred.Task: Final Counters for attempt_local655922384_0001_m_000000_0: Counters: 17
	File System Counters
		FILE: Number of bytes read=5365
		FILE: Number of bytes written=545082
		FILE: Number of read operations=0
		FILE: Number of large read operations=0
		FILE: Number of write operations=0
	Map-Reduce Framework
		Map input records=18
		Map output records=15
		Map output bytes=120
		Map output materialized bytes=156
		Input split bytes=108
		Combine input records=0
		Spilled Records=15
		Failed Shuffles=0
		Merged Map outputs=0
		GC time elapsed (ms)=0
		Total committed heap usage (bytes)=2147483648
	File Input Format Counters 
		Bytes Read=252
2022-09-27 08:44:42,068 INFO mapred.LocalJobRunner: Finishing task: attempt_local655922384_0001_m_000000_0
2022-09-27 08:44:42,068 INFO mapred.LocalJobRunner: map task executor complete.
2022-09-27 08:44:42,070 INFO mapred.LocalJobRunner: Waiting for reduce tasks
2022-09-27 08:44:42,070 INFO mapred.LocalJobRunner: Starting task: attempt_local655922384_0001_r_000000_0
2022-09-27 08:44:42,076 INFO output.FileOutputCommitter: File Output Committer Algorithm version is 2
2022-09-27 08:44:42,077 INFO output.FileOutputCommitter: FileOutputCommitter skip cleanup _temporary folders under output directory:false, ignore cleanup failures: false
2022-09-27 08:44:42,077 INFO mapred.Task:  Using ResourceCalculatorProcessTree : [ ]
2022-09-27 08:44:42,078 INFO mapred.ReduceTask: Using ShuffleConsumerPlugin: org.apache.hadoop.mapreduce.task.reduce.Shuffle@4a836543
2022-09-27 08:44:42,079 WARN impl.MetricsSystemImpl: JobTracker metrics system already initialized!
2022-09-27 08:44:42,090 INFO reduce.MergeManagerImpl: The max number of bytes for a single in-memory shuffle cannot be larger than Integer.MAX_VALUE. Setting it to Integer.MAX_VALUE
2022-09-27 08:44:42,090 INFO reduce.MergeManagerImpl: MergerManager: memoryLimit=22525089792, maxSingleShuffleLimit=2147483647, mergeThreshold=14866560000, ioSortFactor=10, memToMemMergeOutputsThreshold=10
2022-09-27 08:44:42,091 INFO reduce.EventFetcher: attempt_local655922384_0001_r_000000_0 Thread started: EventFetcher for fetching Map Completion Events
2022-09-27 08:44:42,111 INFO reduce.LocalFetcher: localfetcher#1 about to shuffle output of map attempt_local655922384_0001_m_000000_0 decomp: 152 len: 156 to MEMORY
2022-09-27 08:44:42,113 INFO reduce.InMemoryMapOutput: Read 152 bytes from map-output for attempt_local655922384_0001_m_000000_0
2022-09-27 08:44:42,113 INFO reduce.MergeManagerImpl: closeInMemoryFile -> map-output of size: 152, inMemoryMapOutputs.size() -> 1, commitMemory -> 0, usedMemory ->152
2022-09-27 08:44:42,115 INFO reduce.EventFetcher: EventFetcher is interrupted.. Returning
2022-09-27 08:44:42,116 INFO mapred.LocalJobRunner: 1 / 1 copied.
2022-09-27 08:44:42,116 INFO reduce.MergeManagerImpl: finalMerge called with 1 in-memory map-outputs and 0 on-disk map-outputs
2022-09-27 08:44:42,119 INFO mapred.Merger: Merging 1 sorted segments
2022-09-27 08:44:42,119 INFO mapred.Merger: Down to the last merge-pass, with 1 segments left of total size: 146 bytes
2022-09-27 08:44:42,120 INFO reduce.MergeManagerImpl: Merged 1 segments, 152 bytes to disk to satisfy reduce memory limit
2022-09-27 08:44:42,120 INFO reduce.MergeManagerImpl: Merging 1 files, 156 bytes from disk
2022-09-27 08:44:42,120 INFO reduce.MergeManagerImpl: Merging 0 segments, 0 bytes from memory into reduce
2022-09-27 08:44:42,120 INFO mapred.Merger: Merging 1 sorted segments
2022-09-27 08:44:42,121 INFO mapred.Merger: Down to the last merge-pass, with 1 segments left of total size: 146 bytes
2022-09-27 08:44:42,121 INFO mapred.LocalJobRunner: 1 / 1 copied.
2022-09-27 08:44:42,206 INFO Configuration.deprecation: mapred.skip.on is deprecated. Instead, use mapreduce.job.skiprecords
2022-09-27 08:44:42,218 INFO mapred.Task: Task:attempt_local655922384_0001_r_000000_0 is done. And is in the process of committing
2022-09-27 08:44:42,219 INFO mapred.LocalJobRunner: 1 / 1 copied.
2022-09-27 08:44:42,219 INFO mapred.Task: Task attempt_local655922384_0001_r_000000_0 is allowed to commit now
2022-09-27 08:44:42,227 INFO output.FileOutputCommitter: Saved output of task 'attempt_local655922384_0001_r_000000_0' to file:/home/lkaja/project1/temp
2022-09-27 08:44:42,228 INFO mapred.LocalJobRunner: reduce > reduce
2022-09-27 08:44:42,228 INFO mapred.Task: Task 'attempt_local655922384_0001_r_000000_0' done.
2022-09-27 08:44:42,229 INFO mapred.Task: Final Counters for attempt_local655922384_0001_r_000000_0: Counters: 24
	File System Counters
		FILE: Number of bytes read=5709
		FILE: Number of bytes written=545306
		FILE: Number of read operations=0
		FILE: Number of large read operations=0
		FILE: Number of write operations=0
	Map-Reduce Framework
		Combine input records=0
		Combine output records=0
		Reduce input groups=7
		Reduce shuffle bytes=156
		Reduce input records=15
		Reduce output records=7
		Spilled Records=15
		Shuffled Maps =1
		Failed Shuffles=0
		Merged Map outputs=1
		GC time elapsed (ms)=0
		Total committed heap usage (bytes)=2147483648
	Shuffle Errors
		BAD_ID=0
		CONNECTION=0
		IO_ERROR=0
		WRONG_LENGTH=0
		WRONG_MAP=0
		WRONG_REDUCE=0
	File Output Format Counters 
		Bytes Written=68
2022-09-27 08:44:42,229 INFO mapred.LocalJobRunner: Finishing task: attempt_local655922384_0001_r_000000_0
2022-09-27 08:44:42,229 INFO mapred.LocalJobRunner: reduce task executor complete.
2022-09-27 08:44:42,887 INFO mapreduce.Job: Job job_local655922384_0001 running in uber mode : false
2022-09-27 08:44:42,887 INFO mapreduce.Job:  map 100% reduce 100%
2022-09-27 08:44:42,888 INFO mapreduce.Job: Job job_local655922384_0001 completed successfully
2022-09-27 08:44:42,893 INFO mapreduce.Job: Counters: 30
	File System Counters
		FILE: Number of bytes read=11074
		FILE: Number of bytes written=1090388
		FILE: Number of read operations=0
		FILE: Number of large read operations=0
		FILE: Number of write operations=0
	Map-Reduce Framework
		Map input records=18
		Map output records=15
		Map output bytes=120
		Map output materialized bytes=156
		Input split bytes=108
		Combine input records=0
		Combine output records=0
		Reduce input groups=7
		Reduce shuffle bytes=156
		Reduce input records=15
		Reduce output records=7
		Spilled Records=30
		Shuffled Maps =1
		Failed Shuffles=0
		Merged Map outputs=1
		GC time elapsed (ms)=0
		Total committed heap usage (bytes)=4294967296
	Shuffle Errors
		BAD_ID=0
		CONNECTION=0
		IO_ERROR=0
		WRONG_LENGTH=0
		WRONG_MAP=0
		WRONG_REDUCE=0
	File Input Format Counters 
		Bytes Read=252
	File Output Format Counters 
		Bytes Written=68
2022-09-27 08:44:42,907 WARN impl.MetricsSystemImpl: JobTracker metrics system already initialized!
2022-09-27 08:44:42,908 WARN mapreduce.JobResourceUploader: Hadoop command-line option parsing not performed. Implement the Tool interface and execute your application with ToolRunner to remedy this.
2022-09-27 08:44:42,913 INFO input.FileInputFormat: Total input files to process : 1
2022-09-27 08:44:42,914 INFO mapreduce.JobSubmitter: number of splits:1
2022-09-27 08:44:42,924 INFO mapreduce.JobSubmitter: Submitting tokens for job: job_local1986813458_0002
2022-09-27 08:44:42,924 INFO mapreduce.JobSubmitter: Executing with tokens: []
2022-09-27 08:44:43,011 INFO mapreduce.Job: The url to track the job: http://localhost:8080/
2022-09-27 08:44:43,011 INFO mapred.LocalJobRunner: OutputCommitter set in config null
2022-09-27 08:44:43,011 INFO mapreduce.Job: Running job: job_local1986813458_0002
2022-09-27 08:44:43,011 INFO output.FileOutputCommitter: File Output Committer Algorithm version is 2
2022-09-27 08:44:43,011 INFO output.FileOutputCommitter: FileOutputCommitter skip cleanup _temporary folders under output directory:false, ignore cleanup failures: false
2022-09-27 08:44:43,012 INFO mapred.LocalJobRunner: OutputCommitter is org.apache.hadoop.mapreduce.lib.output.FileOutputCommitter
2022-09-27 08:44:43,082 INFO mapred.LocalJobRunner: Waiting for map tasks
2022-09-27 08:44:43,082 INFO mapred.LocalJobRunner: Starting task: attempt_local1986813458_0002_m_000000_0
2022-09-27 08:44:43,083 INFO output.FileOutputCommitter: File Output Committer Algorithm version is 2
2022-09-27 08:44:43,083 INFO output.FileOutputCommitter: FileOutputCommitter skip cleanup _temporary folders under output directory:false, ignore cleanup failures: false
2022-09-27 08:44:43,083 INFO mapred.Task:  Using ResourceCalculatorProcessTree : [ ]
2022-09-27 08:44:43,084 INFO mapred.MapTask: Processing split: file:/home/lkaja/project1/temp/part-r-00000:0+56
2022-09-27 08:44:43,091 INFO mapred.MapTask: (EQUATOR) 0 kvi 26214396(104857584)
2022-09-27 08:44:43,091 INFO mapred.MapTask: mapreduce.task.io.sort.mb: 100
2022-09-27 08:44:43,091 INFO mapred.MapTask: soft limit at 83886080
2022-09-27 08:44:43,091 INFO mapred.MapTask: bufstart = 0; bufvoid = 104857600
2022-09-27 08:44:43,091 INFO mapred.MapTask: kvstart = 26214396; length = 6553600
2022-09-27 08:44:43,092 INFO mapred.MapTask: Map output collector class = org.apache.hadoop.mapred.MapTask$MapOutputBuffer
2022-09-27 08:44:43,100 INFO mapred.LocalJobRunner: 
2022-09-27 08:44:43,100 INFO mapred.MapTask: Starting flush of map output
2022-09-27 08:44:43,100 INFO mapred.MapTask: Spilling map output
2022-09-27 08:44:43,100 INFO mapred.MapTask: bufstart = 0; bufend = 84; bufvoid = 104857600
2022-09-27 08:44:43,100 INFO mapred.MapTask: kvstart = 26214396(104857584); kvend = 26214372(104857488); length = 25/6553600
2022-09-27 08:44:43,101 INFO mapred.MapTask: Finished spill 0
2022-09-27 08:44:43,101 INFO mapred.Task: Task:attempt_local1986813458_0002_m_000000_0 is done. And is in the process of committing
2022-09-27 08:44:43,102 INFO mapred.LocalJobRunner: map
2022-09-27 08:44:43,102 INFO mapred.Task: Task 'attempt_local1986813458_0002_m_000000_0' done.
2022-09-27 08:44:43,103 INFO mapred.Task: Final Counters for attempt_local1986813458_0002_m_000000_0: Counters: 17
	File System Counters
		FILE: Number of bytes read=10893
		FILE: Number of bytes written=1092967
		FILE: Number of read operations=0
		FILE: Number of large read operations=0
		FILE: Number of write operations=0
	Map-Reduce Framework
		Map input records=7
		Map output records=7
		Map output bytes=84
		Map output materialized bytes=104
		Input split bytes=108
		Combine input records=0
		Spilled Records=7
		Failed Shuffles=0
		Merged Map outputs=0
		GC time elapsed (ms)=0
		Total committed heap usage (bytes)=2147483648
	File Input Format Counters 
		Bytes Read=72
2022-09-27 08:44:43,103 INFO mapred.LocalJobRunner: Finishing task: attempt_local1986813458_0002_m_000000_0
2022-09-27 08:44:43,103 INFO mapred.LocalJobRunner: map task executor complete.
2022-09-27 08:44:43,104 INFO mapred.LocalJobRunner: Waiting for reduce tasks
2022-09-27 08:44:43,104 INFO mapred.LocalJobRunner: Starting task: attempt_local1986813458_0002_r_000000_0
2022-09-27 08:44:43,105 INFO output.FileOutputCommitter: File Output Committer Algorithm version is 2
2022-09-27 08:44:43,105 INFO output.FileOutputCommitter: FileOutputCommitter skip cleanup _temporary folders under output directory:false, ignore cleanup failures: false
2022-09-27 08:44:43,105 INFO mapred.Task:  Using ResourceCalculatorProcessTree : [ ]
2022-09-27 08:44:43,106 INFO mapred.ReduceTask: Using ShuffleConsumerPlugin: org.apache.hadoop.mapreduce.task.reduce.Shuffle@2e79ccec
2022-09-27 08:44:43,106 WARN impl.MetricsSystemImpl: JobTracker metrics system already initialized!
2022-09-27 08:44:43,106 INFO reduce.MergeManagerImpl: The max number of bytes for a single in-memory shuffle cannot be larger than Integer.MAX_VALUE. Setting it to Integer.MAX_VALUE
2022-09-27 08:44:43,106 INFO reduce.MergeManagerImpl: MergerManager: memoryLimit=22525089792, maxSingleShuffleLimit=2147483647, mergeThreshold=14866560000, ioSortFactor=10, memToMemMergeOutputsThreshold=10
2022-09-27 08:44:43,107 INFO reduce.EventFetcher: attempt_local1986813458_0002_r_000000_0 Thread started: EventFetcher for fetching Map Completion Events
2022-09-27 08:44:43,108 INFO reduce.LocalFetcher: localfetcher#2 about to shuffle output of map attempt_local1986813458_0002_m_000000_0 decomp: 100 len: 104 to MEMORY
2022-09-27 08:44:43,108 INFO reduce.InMemoryMapOutput: Read 100 bytes from map-output for attempt_local1986813458_0002_m_000000_0
2022-09-27 08:44:43,109 INFO reduce.MergeManagerImpl: closeInMemoryFile -> map-output of size: 100, inMemoryMapOutputs.size() -> 1, commitMemory -> 0, usedMemory ->100
2022-09-27 08:44:43,109 INFO reduce.EventFetcher: EventFetcher is interrupted.. Returning
2022-09-27 08:44:43,110 INFO mapred.LocalJobRunner: 1 / 1 copied.
2022-09-27 08:44:43,110 INFO reduce.MergeManagerImpl: finalMerge called with 1 in-memory map-outputs and 0 on-disk map-outputs
2022-09-27 08:44:43,110 INFO mapred.Merger: Merging 1 sorted segments
2022-09-27 08:44:43,111 INFO mapred.Merger: Down to the last merge-pass, with 1 segments left of total size: 90 bytes
2022-09-27 08:44:43,111 INFO reduce.MergeManagerImpl: Merged 1 segments, 100 bytes to disk to satisfy reduce memory limit
2022-09-27 08:44:43,111 INFO reduce.MergeManagerImpl: Merging 1 files, 104 bytes from disk
2022-09-27 08:44:43,111 INFO reduce.MergeManagerImpl: Merging 0 segments, 0 bytes from memory into reduce
2022-09-27 08:44:43,111 INFO mapred.Merger: Merging 1 sorted segments
2022-09-27 08:44:43,112 INFO mapred.Merger: Down to the last merge-pass, with 1 segments left of total size: 90 bytes
2022-09-27 08:44:43,112 INFO mapred.LocalJobRunner: 1 / 1 copied.
2022-09-27 08:44:43,181 INFO mapred.Task: Task:attempt_local1986813458_0002_r_000000_0 is done. And is in the process of committing
2022-09-27 08:44:43,182 INFO mapred.LocalJobRunner: 1 / 1 copied.
2022-09-27 08:44:43,182 INFO mapred.Task: Task attempt_local1986813458_0002_r_000000_0 is allowed to commit now
2022-09-27 08:44:43,199 INFO output.FileOutputCommitter: Saved output of task 'attempt_local1986813458_0002_r_000000_0' to file:/home/lkaja/project1/output
2022-09-27 08:44:43,199 INFO mapred.LocalJobRunner: reduce > reduce
2022-09-27 08:44:43,199 INFO mapred.Task: Task 'attempt_local1986813458_0002_r_000000_0' done.
2022-09-27 08:44:43,199 INFO mapred.Task: Final Counters for attempt_local1986813458_0002_r_000000_0: Counters: 24
	File System Counters
		FILE: Number of bytes read=11133
		FILE: Number of bytes written=1093119
		FILE: Number of read operations=0
		FILE: Number of large read operations=0
		FILE: Number of write operations=0
	Map-Reduce Framework
		Combine input records=0
		Combine output records=0
		Reduce input groups=6
		Reduce shuffle bytes=104
		Reduce input records=7
		Reduce output records=6
		Spilled Records=7
		Shuffled Maps =1
		Failed Shuffles=0
		Merged Map outputs=1
		GC time elapsed (ms)=0
		Total committed heap usage (bytes)=2147483648
	Shuffle Errors
		BAD_ID=0
		CONNECTION=0
		IO_ERROR=0
		WRONG_LENGTH=0
		WRONG_MAP=0
		WRONG_REDUCE=0
	File Output Format Counters 
		Bytes Written=48
2022-09-27 08:44:43,199 INFO mapred.LocalJobRunner: Finishing task: attempt_local1986813458_0002_r_000000_0
2022-09-27 08:44:43,200 INFO mapred.LocalJobRunner: reduce task executor complete.
2022-09-27 08:44:44,012 INFO mapreduce.Job: Job job_local1986813458_0002 running in uber mode : false
2022-09-27 08:44:44,012 INFO mapreduce.Job:  map 100% reduce 100%
2022-09-27 08:44:44,012 INFO mapreduce.Job: Job job_local1986813458_0002 completed successfully
2022-09-27 08:44:44,015 INFO mapreduce.Job: Counters: 30
	File System Counters
		FILE: Number of bytes read=22026
		FILE: Number of bytes written=2186086
		FILE: Number of read operations=0
		FILE: Number of large read operations=0
		FILE: Number of write operations=0
	Map-Reduce Framework
		Map input records=7
		Map output records=7
		Map output bytes=84
		Map output materialized bytes=104
		Input split bytes=108
		Combine input records=0
		Combine output records=0
		Reduce input groups=6
		Reduce shuffle bytes=104
		Reduce input records=7
		Reduce output records=6
		Spilled Records=14
		Shuffled Maps =1
		Failed Shuffles=0
		Merged Map outputs=1
		GC time elapsed (ms)=0
		Total committed heap usage (bytes)=4294967296
	Shuffle Errors
		BAD_ID=0
		CONNECTION=0
		IO_ERROR=0
		WRONG_LENGTH=0
		WRONG_MAP=0
		WRONG_REDUCE=0
	File Input Format Counters 
		Bytes Read=72
	File Output Format Counters 
		Bytes Written=48
